<?xml version="1.0" encoding="UTF-8"?>
<!-- Generated by org.testng.reporters.JUnitReportReporter -->
<testsuite skipped="1" hostname="Swati" name="com.bridgelabz.SpotifyRestApi" tests="4" failures="0" timestamp="25 Mar 2020 13:19:20 GMT" time="4.721" errors="0">
  <testcase name="spotify_RestAssured_returnTotalPlaylist_Test" time="0.520" classname="com.bridgelabz.SpotifyRestApi"/>
  <testcase name="spotify_RestAssured_Test" time="0.487" classname="com.bridgelabz.SpotifyRestApi"/>
  <testcase name="GivenToken_GetUserProfileTest" time="3.714" classname="com.bridgelabz.SpotifyRestApi"/>
  <testcase name="spotify_RestAssured_CreatePlaylist_Test" classname="com.bridgelabz.SpotifyRestApi">
    <skipped/>
  </testcase> <!-- spotify_RestAssured_CreatePlaylist_Test -->
</testsuite> <!-- com.bridgelabz.SpotifyRestApi -->
